% ruby sim.rb simulate pub2.in 
Train Red 3 entering Glenmont
Train Red 3 leaving Glenmont
Train Red 2 entering Glenmont
Train Red 3 entering Silver Spring
Train Red 2 leaving Glenmont
Train Red 4 entering Glenmont
Train Red 3 leaving Silver Spring
Train Red 3 entering Union Station
Train Red 2 entering Silver Spring
Train Red 4 leaving Glenmont
Train Red 1 entering Glenmont
Train Red 3 leaving Union Station
Train Red 2 leaving Silver Spring
Train Red 4 entering Silver Spring
Train Red 3 entering Bethesda
Train Red 2 entering Union Station
Train Red 4 leaving Silver Spring
Train Red 1 leaving Glenmont
Train Red 3 leaving Bethesda
Train Red 2 leaving Union Station
Train Red 4 entering Union Station
Train Red 1 entering Silver Spring
Train Red 3 entering Shady Grove
Train Red 2 entering Bethesda
Train Red 4 leaving Union Station
Train Red 1 leaving Silver Spring
Train Red 3 leaving Shady Grove
Train Red 2 leaving Bethesda
Train Red 4 entering Bethesda
Train Red 1 entering Union Station
Train Red 2 entering Shady Grove
Train Red 4 leaving Bethesda
Train Red 3 entering Bethesda
Train Red 1 leaving Union Station
Train Red 2 leaving Shady Grove
Train Red 4 entering Shady Grove
Train Red 3 leaving Bethesda
Train Red 2 entering Bethesda
Train Red 4 leaving Shady Grove
Train Red 3 entering Union Station
Train Red 2 leaving Bethesda
Train Red 4 entering Bethesda
Train Red 3 leaving Union Station
Train Red 3 entering Silver Spring
Train Red 2 entering Union Station
Train Red 4 leaving Bethesda
Train Red 1 entering Bethesda
Train Red 3 leaving Silver Spring
Train Red 2 leaving Union Station
Train Red 4 entering Union Station
Train Red 3 entering Glenmont
Train Red 2 entering Silver Spring
Train Red 4 leaving Union Station
Train Red 1 leaving Bethesda
Train Red 3 leaving Glenmont
Train Red 2 leaving Silver Spring
Train Red 4 entering Silver Spring
Train Red 1 entering Shady Grove
Train Red 2 entering Glenmont
Train Red 4 leaving Silver Spring
Train Red 1 leaving Shady Grove
Train Red 2 leaving Glenmont
Train Red 4 entering Glenmont
Train Red 1 entering Bethesda
Train Red 4 leaving Glenmont
Train Red 1 leaving Bethesda
Train Red 1 entering Union Station
Train Red 1 leaving Union Station
Train Red 1 entering Silver Spring
Train Red 1 leaving Silver Spring
Train Red 1 entering Glenmont
Train Red 1 leaving Glenmont
