% ruby sim.rb display pub3.in 
Red
                   Glenmont       Ann            
              Silver Spring       Amy            
              Union Station       Art            
                   Bethesda     Aaron            
                Shady Grove                      

Train Red 1 entering Glenmont
Red
                   Glenmont       Ann  [Red 1]   
              Silver Spring       Amy            
              Union Station       Art            
                   Bethesda     Aaron            
                Shady Grove                      

Ann boarding train Red 1 at Glenmont
Red
                   Glenmont            [Red 1 Ann]
              Silver Spring       Amy            
              Union Station       Art            
                   Bethesda     Aaron            
                Shady Grove                      

Train Red 1 leaving Glenmont
Red
                   Glenmont                      
              Silver Spring       Amy            
              Union Station       Art            
                   Bethesda     Aaron            
                Shady Grove                      

Train Red 1 entering Silver Spring
Red
                   Glenmont                      
              Silver Spring       Amy  [Red 1 Ann]
              Union Station       Art            
                   Bethesda     Aaron            
                Shady Grove                      

Amy boarding train Red 1 at Silver Spring
Red
                   Glenmont                      
              Silver Spring            [Red 1 Amy Ann]
              Union Station       Art            
                   Bethesda     Aaron            
                Shady Grove                      

Train Red 1 leaving Silver Spring
Red
                   Glenmont                      
              Silver Spring                      
              Union Station       Art            
                   Bethesda     Aaron            
                Shady Grove                      

Train Red 1 entering Union Station
Red
                   Glenmont                      
              Silver Spring                      
              Union Station       Art  [Red 1 Amy Ann]
                   Bethesda     Aaron            
                Shady Grove                      

Art boarding train Red 1 at Union Station
Red
                   Glenmont                      
              Silver Spring                      
              Union Station            [Red 1 Amy Ann Art]
                   Bethesda     Aaron            
                Shady Grove                      

Train Red 1 leaving Union Station
Red
                   Glenmont                      
              Silver Spring                      
              Union Station                      
                   Bethesda     Aaron            
                Shady Grove                      

Train Red 1 entering Bethesda
Red
                   Glenmont                      
              Silver Spring                      
              Union Station                      
                   Bethesda     Aaron  [Red 1 Amy Ann Art]
                Shady Grove                      

Aaron boarding train Red 1 at Bethesda
Red
                   Glenmont                      
              Silver Spring                      
              Union Station                      
                   Bethesda            [Red 1 Aaron Amy Ann Art]
                Shady Grove                      

Amy leaving train Red 1 at Bethesda
Red
                   Glenmont                      
              Silver Spring                      
              Union Station                      
                   Bethesda       Amy  [Red 1 Aaron Ann Art]
                Shady Grove                      

Ann leaving train Red 1 at Bethesda
Red
                   Glenmont                      
              Silver Spring                      
              Union Station                      
                   Bethesda   Amy Ann  [Red 1 Aaron Art]
                Shady Grove                      

Train Red 1 leaving Bethesda
Red
                   Glenmont                      
              Silver Spring                      
              Union Station                      
                   Bethesda   Amy Ann            
                Shady Grove                      

Train Red 1 entering Shady Grove
Red
                   Glenmont                      
              Silver Spring                      
              Union Station                      
                   Bethesda   Amy Ann            
                Shady Grove            [Red 1 Aaron Art]

Train Red 1 leaving Shady Grove
Red
                   Glenmont                      
              Silver Spring                      
              Union Station                      
                   Bethesda   Amy Ann            
                Shady Grove                      

Train Red 1 entering Bethesda
Red
                   Glenmont                      
              Silver Spring                      
              Union Station                      
                   Bethesda   Amy Ann  [Red 1 Aaron Art]
                Shady Grove                      

Train Red 1 leaving Bethesda
Red
                   Glenmont                      
              Silver Spring                      
              Union Station                      
                   Bethesda   Amy Ann            
                Shady Grove                      

Train Red 1 entering Union Station
Red
                   Glenmont                      
              Silver Spring                      
              Union Station            [Red 1 Aaron Art]
                   Bethesda   Amy Ann            
                Shady Grove                      

Train Red 1 leaving Union Station
Red
                   Glenmont                      
              Silver Spring                      
              Union Station                      
                   Bethesda   Amy Ann            
                Shady Grove                      

Train Red 1 entering Silver Spring
Red
                   Glenmont                      
              Silver Spring            [Red 1 Aaron Art]
              Union Station                      
                   Bethesda   Amy Ann            
                Shady Grove                      

Art leaving train Red 1 at Silver Spring
Red
                   Glenmont                      
              Silver Spring       Art  [Red 1 Aaron]
              Union Station                      
                   Bethesda   Amy Ann            
                Shady Grove                      

Train Red 1 leaving Silver Spring
Red
                   Glenmont                      
              Silver Spring       Art            
              Union Station                      
                   Bethesda   Amy Ann            
                Shady Grove                      

Train Red 1 entering Glenmont
Red
                   Glenmont            [Red 1 Aaron]
              Silver Spring       Art            
              Union Station                      
                   Bethesda   Amy Ann            
                Shady Grove                      

Aaron leaving train Red 1 at Glenmont
Red
                   Glenmont     Aaron  [Red 1]   
              Silver Spring       Art            
              Union Station                      
                   Bethesda   Amy Ann            
                Shady Grove                      

