% ruby sim.rb simulate pub6.in 
Train Green 1 entering Greenbelt
Train Red 2 entering Glenmont
Train Yellow 2 entering Fort Totten
Train Orange 2 entering New Carrolton
Train Blue 2 entering Largo Town Center
Train Green 1 leaving Greenbelt
Train Green 2 entering Greenbelt
Train Red 2 leaving Glenmont
Train Yellow 2 leaving Fort Totten
Train Green 1 entering College Park
Train Orange 2 leaving New Carrolton
Train Red 1 entering Glenmont
Amy boarding train Green 1 at College Park
Train Blue 2 leaving Largo Town Center
Train Yellow 1 entering Fort Totten
Train Orange 1 entering New Carrolton
Train Red 2 entering Silver Spring
Train Yellow 2 entering Gallery Place
Train Blue 1 entering Largo Town Center
Train Orange 2 entering Stadium-Armory
Bob boarding train Red 2 at Silver Spring
Dave boarding train Red 2 at Silver Spring
Train Blue 2 entering Stadium-Armory
Train Green 2 leaving Greenbelt
Train Red 1 leaving Glenmont
Train Green 1 leaving College Park
Train Green 2 entering College Park
Train Green 1 entering Fort Totten
Train Yellow 1 leaving Fort Totten
Train Orange 1 leaving New Carrolton
Train Red 2 leaving Silver Spring
Train Red 1 entering Silver Spring
Train Yellow 2 leaving Gallery Place
Train Blue 1 leaving Largo Town Center
Train Orange 2 leaving Stadium-Armory
Train Red 2 entering Fort Totten
Train Blue 2 leaving Stadium-Armory
Train Yellow 1 entering Gallery Place
Train Orange 1 entering Stadium-Armory
Train Yellow 2 entering L'Enfant Plaza
Train Blue 1 entering Stadium-Armory
Train Orange 2 entering Eastern Market
Train Blue 2 entering Eastern Market
Train Green 1 leaving Fort Totten
Train Green 2 leaving College Park
Train Green 1 entering Gallery Place
Amy leaving train Green 1 at Gallery Place
Train Green 2 entering Fort Totten
Train Red 1 leaving Silver Spring
Train Red 2 leaving Fort Totten
Train Blue 1 leaving Stadium-Armory
Train Orange 1 leaving Stadium-Armory
Train Yellow 1 leaving Gallery Place
Train Blue 2 leaving Eastern Market
Train Orange 2 leaving Eastern Market
Train Yellow 2 leaving L'Enfant Plaza
Train Red 1 entering Fort Totten
Train Blue 1 entering Eastern Market
Train Orange 1 entering Eastern Market
Train Yellow 1 entering L'Enfant Plaza
Train Red 2 entering Union Station
Train Blue 2 entering L'Enfant Plaza
Train Orange 2 entering L'Enfant Plaza
Train Yellow 2 entering Pentagon
Chaz boarding train Red 2 at Union Station
Train Green 1 leaving Gallery Place
Train Green 2 leaving Fort Totten
Train Green 1 entering L'Enfant Plaza
Train Green 2 entering Gallery Place
Train Red 1 leaving Fort Totten
Train Red 2 leaving Union Station
Train Blue 1 leaving Eastern Market
Train Orange 1 leaving Eastern Market
Train Yellow 1 leaving L'Enfant Plaza
Train Blue 2 leaving L'Enfant Plaza
Train Orange 2 leaving L'Enfant Plaza
Train Yellow 2 leaving Pentagon
Train Red 1 entering Union Station
Train Blue 1 entering L'Enfant Plaza
Train Orange 1 entering L'Enfant Plaza
Train Yellow 1 entering Pentagon
Train Red 2 entering Gallery Place
Train Blue 2 entering Smithsonian
Train Orange 2 entering Smithsonian
Train Yellow 2 entering Airport
Train Green 1 leaving L'Enfant Plaza
Train Green 2 leaving Gallery Place
Train Green 1 entering Branch Ave
Train Green 2 entering L'Enfant Plaza
Train Red 1 leaving Union Station
Train Red 2 leaving Gallery Place
Train Blue 1 leaving L'Enfant Plaza
Train Orange 1 leaving L'Enfant Plaza
Train Yellow 1 leaving Pentagon
Train Blue 2 leaving Smithsonian
Train Orange 2 leaving Smithsonian
Train Yellow 2 leaving Airport
Train Red 1 entering Gallery Place
Train Blue 1 entering Smithsonian
Train Orange 1 entering Smithsonian
Train Yellow 1 entering Airport
Train Red 2 entering Metro Center
Train Blue 2 entering Metro Center
Train Orange 2 entering Metro Center
Train Yellow 2 entering King Street
Dave leaving train Red 2 at Metro Center
Train Green 1 leaving Branch Ave
Train Green 2 leaving L'Enfant Plaza
Train Green 1 entering L'Enfant Plaza
Train Green 2 entering Branch Ave
Train Red 1 leaving Gallery Place
Train Red 2 leaving Metro Center
Dave boarding train Orange 2 at Metro Center
Train Blue 1 leaving Smithsonian
Train Yellow 1 leaving Airport
Train Orange 1 leaving Smithsonian
Train Blue 2 leaving Metro Center
Train Yellow 2 leaving King Street
Train Red 1 entering Metro Center
Train Orange 2 leaving Metro Center
Train Green 2 leaving Branch Ave
Train Blue 1 entering Metro Center
Train Yellow 1 entering King Street
Train Red 2 entering Bethesda
Train Orange 1 entering Metro Center
Train Blue 2 entering Foggy Bottom
Train Yellow 2 entering Huntington
Train Green 1 leaving L'Enfant Plaza
Bob leaving train Red 2 at Bethesda
Train Orange 2 entering Foggy Bottom
Train Green 2 entering L'Enfant Plaza
Train Green 1 entering Gallery Place
Train Red 1 leaving Metro Center
Train Red 2 leaving Bethesda
Train Blue 1 leaving Metro Center
Train Yellow 1 leaving King Street
Train Orange 1 leaving Metro Center
Train Red 1 entering Bethesda
Train Blue 2 leaving Foggy Bottom
Train Yellow 2 leaving Huntington
Train Green 2 leaving L'Enfant Plaza
Train Orange 2 leaving Foggy Bottom
Train Red 2 entering Shady Grove
Train Blue 1 entering Foggy Bottom
Train Yellow 1 entering Huntington
Train Green 1 leaving Gallery Place
Train Orange 1 entering Foggy Bottom
Train Blue 2 entering Rosslyn
Train Yellow 2 entering King Street
Train Green 2 entering Gallery Place
Train Orange 2 entering Rosslyn
Train Green 1 entering Fort Totten
Train Red 1 leaving Bethesda
Train Red 2 leaving Shady Grove
Train Blue 1 leaving Foggy Bottom
Train Orange 1 leaving Foggy Bottom
Train Yellow 1 leaving Huntington
Train Green 1 leaving Fort Totten
Train Blue 2 leaving Rosslyn
Train Orange 2 leaving Rosslyn
Train Yellow 2 leaving King Street
Train Red 1 entering Shady Grove
Train Green 2 leaving Gallery Place
Train Blue 1 entering Rosslyn
Train Orange 1 entering Rosslyn
Train Yellow 1 entering King Street
Train Red 2 entering Bethesda
Train Green 1 entering College Park
Train Blue 2 entering Arlington Cemetery
Train Yellow 2 entering Airport
Train Green 2 entering Fort Totten
Train Orange 2 entering Ballston
Dave leaving train Orange 2 at Ballston
Train Red 1 leaving Shady Grove
Train Red 2 leaving Bethesda
Train Green 1 leaving College Park
Train Blue 1 leaving Rosslyn
Train Orange 1 leaving Rosslyn
Train Yellow 1 leaving King Street
Train Green 2 leaving Fort Totten
Train Blue 2 leaving Arlington Cemetery
Train Orange 2 leaving Ballston
Train Yellow 2 leaving Airport
Train Red 1 entering Bethesda
Train Green 1 entering Greenbelt
Train Blue 1 entering Arlington Cemetery
Train Orange 1 entering Ballston
Train Yellow 1 entering Airport
Train Red 2 entering Metro Center
Train Green 2 entering College Park
Train Blue 2 entering Pentagon
Train Orange 2 entering Vienna
Train Yellow 2 entering Pentagon
Train Red 1 leaving Bethesda
Train Red 2 leaving Metro Center
Train Green 1 leaving Greenbelt
Train Blue 1 leaving Arlington Cemetery
Train Orange 1 leaving Ballston
Train Yellow 1 leaving Airport
Train Green 2 leaving College Park
Train Blue 2 leaving Pentagon
Train Orange 2 leaving Vienna
Train Yellow 2 leaving Pentagon
Train Red 1 entering Metro Center
Train Green 1 entering College Park
Train Blue 1 entering Pentagon
Train Yellow 1 entering Pentagon
Train Red 2 entering Gallery Place
Train Orange 1 entering Vienna
Train Green 2 entering Greenbelt
Train Blue 2 entering Airport
Train Yellow 2 entering L'Enfant Plaza
Train Orange 2 entering Ballston
Train Red 1 leaving Metro Center
Train Red 2 leaving Gallery Place
Train Green 1 leaving College Park
Train Blue 1 leaving Pentagon
Train Orange 1 leaving Vienna
Train Yellow 1 leaving Pentagon
Train Green 2 leaving Greenbelt
Train Blue 2 leaving Airport
Train Orange 2 leaving Ballston
Train Yellow 2 leaving L'Enfant Plaza
Train Red 1 entering Gallery Place
Train Green 1 entering Fort Totten
Train Blue 1 entering Airport
Train Orange 1 entering Ballston
Train Yellow 1 entering L'Enfant Plaza
Train Red 2 entering Union Station
Train Green 2 entering College Park
Train Blue 2 entering King Street
Train Orange 2 entering Rosslyn
Train Yellow 2 entering Gallery Place
Train Red 1 leaving Gallery Place
Train Red 2 leaving Union Station
Train Green 1 leaving Fort Totten
Train Blue 1 leaving Airport
Train Orange 1 leaving Ballston
Train Yellow 1 leaving L'Enfant Plaza
Train Green 2 leaving College Park
Train Blue 2 leaving King Street
Train Orange 2 leaving Rosslyn
Train Yellow 2 leaving Gallery Place
Train Red 1 entering Union Station
Train Green 1 entering Gallery Place
Train Blue 1 entering King Street
Train Orange 1 entering Rosslyn
Train Yellow 1 entering Gallery Place
Train Red 2 entering Fort Totten
Train Green 2 entering Fort Totten
Train Blue 2 entering Franconia-Springfield
Train Orange 2 entering Foggy Bottom
Train Yellow 2 entering Fort Totten
Chaz leaving train Red 2 at Fort Totten
Train Red 1 leaving Union Station
Train Red 2 leaving Fort Totten
Train Green 1 leaving Gallery Place
Train Blue 1 leaving King Street
Train Orange 1 leaving Rosslyn
Train Yellow 1 leaving Gallery Place
Chaz boarding train Green 2 at Fort Totten
Train Blue 2 leaving Franconia-Springfield
Train Orange 2 leaving Foggy Bottom
Train Yellow 2 leaving Fort Totten
Train Red 1 entering Fort Totten
Train Green 2 leaving Fort Totten
Train Red 2 entering Silver Spring
Train Blue 1 entering Franconia-Springfield
Train Orange 1 entering Foggy Bottom
Train Yellow 1 entering Fort Totten
Train Green 1 entering L'Enfant Plaza
Train Blue 2 entering King Street
Train Orange 2 entering Metro Center
Train Yellow 2 entering Gallery Place
Train Green 2 entering Gallery Place
Train Red 1 leaving Fort Totten
Train Red 2 leaving Silver Spring
Train Green 1 leaving L'Enfant Plaza
Train Blue 1 leaving Franconia-Springfield
Train Orange 1 leaving Foggy Bottom
Train Yellow 1 leaving Fort Totten
Train Green 2 leaving Gallery Place
Train Blue 2 leaving King Street
Train Orange 2 leaving Metro Center
Train Yellow 2 leaving Gallery Place
Train Red 1 entering Silver Spring
Train Red 2 entering Glenmont
Train Green 1 entering Branch Ave
Train Blue 1 entering King Street
Train Orange 1 entering Metro Center
Train Yellow 1 entering Gallery Place
Train Green 2 entering L'Enfant Plaza
Train Blue 2 entering Airport
Train Orange 2 entering Smithsonian
Train Yellow 2 entering L'Enfant Plaza
Train Red 1 leaving Silver Spring
Train Green 1 leaving Branch Ave
Train Red 2 leaving Glenmont
Train Blue 1 leaving King Street
Train Orange 1 leaving Metro Center
Train Yellow 1 leaving Gallery Place
Train Green 2 leaving L'Enfant Plaza
Train Blue 2 leaving Airport
Train Orange 2 leaving Smithsonian
Train Yellow 2 leaving L'Enfant Plaza
Train Red 1 entering Glenmont
Train Red 2 entering Silver Spring
Train Green 1 entering L'Enfant Plaza
Train Blue 1 entering Airport
Train Orange 1 entering Smithsonian
Train Yellow 1 entering L'Enfant Plaza
Train Green 2 entering Branch Ave
Train Blue 2 entering Pentagon
Train Orange 2 entering L'Enfant Plaza
Train Yellow 2 entering Pentagon
Train Red 1 leaving Glenmont
Train Red 2 leaving Silver Spring
Train Green 1 leaving L'Enfant Plaza
Train Blue 1 leaving Airport
Train Orange 1 leaving Smithsonian
Train Yellow 1 leaving L'Enfant Plaza
Train Green 2 leaving Branch Ave
Train Blue 2 leaving Pentagon
Train Orange 2 leaving L'Enfant Plaza
Train Yellow 2 leaving Pentagon
Train Red 1 entering Silver Spring
Train Red 2 entering Fort Totten
Train Green 1 entering Gallery Place
Train Blue 1 entering Pentagon
Train Orange 1 entering L'Enfant Plaza
Train Yellow 1 entering Pentagon
Train Green 2 entering L'Enfant Plaza
Train Blue 2 entering Arlington Cemetery
Train Orange 2 entering Eastern Market
Train Yellow 2 entering Airport
Train Red 1 leaving Silver Spring
Train Green 1 leaving Gallery Place
Train Blue 1 leaving Pentagon
Train Orange 1 leaving L'Enfant Plaza
Train Yellow 1 leaving Pentagon
Train Red 2 leaving Fort Totten
Train Green 2 leaving L'Enfant Plaza
Train Blue 2 leaving Arlington Cemetery
Train Orange 2 leaving Eastern Market
Train Yellow 2 leaving Airport
Train Red 1 entering Fort Totten
Train Green 1 entering Fort Totten
Train Blue 1 entering Arlington Cemetery
Train Orange 1 entering Eastern Market
Train Yellow 1 entering Airport
Train Red 2 entering Union Station
Train Green 2 entering Gallery Place
Train Blue 2 entering Rosslyn
Train Orange 2 entering Stadium-Armory
Train Yellow 2 entering King Street
Train Red 1 leaving Fort Totten
Train Green 1 leaving Fort Totten
Train Blue 1 leaving Arlington Cemetery
Train Orange 1 leaving Eastern Market
Train Yellow 1 leaving Airport
Train Red 2 leaving Union Station
Train Green 2 leaving Gallery Place
Train Blue 2 leaving Rosslyn
Train Orange 2 leaving Stadium-Armory
Train Yellow 2 leaving King Street
Train Red 1 entering Union Station
Train Green 1 entering College Park
Train Blue 1 entering Rosslyn
Train Orange 1 entering Stadium-Armory
Train Yellow 1 entering King Street
Train Red 2 entering Gallery Place
Train Green 2 entering Fort Totten
Train Blue 2 entering Foggy Bottom
Train Orange 2 entering New Carrolton
Train Yellow 2 entering Huntington
Train Red 1 leaving Union Station
Train Green 1 leaving College Park
Train Blue 1 leaving Rosslyn
Train Orange 1 leaving Stadium-Armory
Train Yellow 1 leaving King Street
Train Red 2 leaving Gallery Place
Train Green 2 leaving Fort Totten
Train Blue 2 leaving Foggy Bottom
Train Orange 2 leaving New Carrolton
Train Yellow 2 leaving Huntington
Train Red 1 entering Gallery Place
Train Green 1 entering Greenbelt
Train Blue 1 entering Foggy Bottom
Train Orange 1 entering New Carrolton
Train Yellow 1 entering Huntington
Train Red 2 entering Metro Center
Train Green 2 entering College Park
Train Blue 2 entering Metro Center
Train Orange 2 entering Stadium-Armory
Train Yellow 2 entering King Street
Chaz leaving train Green 2 at College Park
