% ruby sim.rb simulate pub5.in 
Train Yellow 1 entering Fort Totten
Train Blue 1 entering Largo Town Center
Train Green 1 entering Greenbelt
Train Red 1 entering Glenmont
Train Orange 1 entering New Carrolton
Train Orange 1 leaving New Carrolton
Train Red 1 leaving Glenmont
Train Green 1 leaving Greenbelt
Train Blue 1 leaving Largo Town Center
Train Yellow 1 leaving Fort Totten
Train Orange 1 entering Stadium-Armory
Train Red 1 entering Silver Spring
Train Green 1 entering College Park
Train Blue 1 entering Stadium-Armory
Train Yellow 1 entering Gallery Place
Bob boarding train Red 1 at Silver Spring
Amy boarding train Green 1 at College Park
Dave boarding train Red 1 at Silver Spring
Train Orange 1 leaving Stadium-Armory
Train Red 1 leaving Silver Spring
Train Green 1 leaving College Park
Train Blue 1 leaving Stadium-Armory
Train Yellow 1 leaving Gallery Place
Train Orange 1 entering Eastern Market
Train Red 1 entering Fort Totten
Train Green 1 entering Fort Totten
Train Blue 1 entering Eastern Market
Train Yellow 1 entering L'Enfant Plaza
Train Orange 1 leaving Eastern Market
Train Red 1 leaving Fort Totten
Train Green 1 leaving Fort Totten
Train Blue 1 leaving Eastern Market
Train Yellow 1 leaving L'Enfant Plaza
Train Orange 1 entering L'Enfant Plaza
Train Red 1 entering Union Station
Train Green 1 entering Gallery Place
Train Blue 1 entering L'Enfant Plaza
Train Yellow 1 entering Pentagon
Chaz boarding train Red 1 at Union Station
Amy leaving train Green 1 at Gallery Place
Train Orange 1 leaving L'Enfant Plaza
Train Red 1 leaving Union Station
Train Green 1 leaving Gallery Place
Train Blue 1 leaving L'Enfant Plaza
Train Yellow 1 leaving Pentagon
Train Orange 1 entering Smithsonian
Train Red 1 entering Gallery Place
Train Green 1 entering L'Enfant Plaza
Train Blue 1 entering Smithsonian
Train Yellow 1 entering Airport
Train Orange 1 leaving Smithsonian
Train Red 1 leaving Gallery Place
Train Green 1 leaving L'Enfant Plaza
Train Blue 1 leaving Smithsonian
Train Yellow 1 leaving Airport
Train Orange 1 entering Metro Center
Train Red 1 entering Metro Center
Train Green 1 entering Branch Ave
Train Blue 1 entering Metro Center
Train Yellow 1 entering King Street
Dave leaving train Red 1 at Metro Center
Train Orange 1 leaving Metro Center
Train Red 1 leaving Metro Center
Train Green 1 leaving Branch Ave
Train Blue 1 leaving Metro Center
Train Yellow 1 leaving King Street
Train Orange 1 entering Foggy Bottom
Train Red 1 entering Bethesda
Train Green 1 entering L'Enfant Plaza
Train Blue 1 entering Foggy Bottom
Train Yellow 1 entering Huntington
Bob leaving train Red 1 at Bethesda
Train Orange 1 leaving Foggy Bottom
Train Red 1 leaving Bethesda
Train Green 1 leaving L'Enfant Plaza
Train Blue 1 leaving Foggy Bottom
Train Yellow 1 leaving Huntington
Train Orange 1 entering Rosslyn
Train Red 1 entering Shady Grove
Train Green 1 entering Gallery Place
Train Blue 1 entering Rosslyn
Train Yellow 1 entering King Street
Train Orange 1 leaving Rosslyn
Train Red 1 leaving Shady Grove
Train Green 1 leaving Gallery Place
Train Blue 1 leaving Rosslyn
Train Yellow 1 leaving King Street
Train Orange 1 entering Ballston
Train Red 1 entering Bethesda
Train Green 1 entering Fort Totten
Train Blue 1 entering Arlington Cemetery
Train Yellow 1 entering Airport
Train Orange 1 leaving Ballston
Train Red 1 leaving Bethesda
Train Green 1 leaving Fort Totten
Train Blue 1 leaving Arlington Cemetery
Train Yellow 1 leaving Airport
Train Orange 1 entering Vienna
Train Red 1 entering Metro Center
Train Green 1 entering College Park
Train Blue 1 entering Pentagon
Train Yellow 1 entering Pentagon
Train Orange 1 leaving Vienna
Train Red 1 leaving Metro Center
Train Green 1 leaving College Park
Train Blue 1 leaving Pentagon
Train Yellow 1 leaving Pentagon
Train Orange 1 entering Ballston
Train Red 1 entering Gallery Place
Train Green 1 entering Greenbelt
Train Blue 1 entering Airport
Train Yellow 1 entering L'Enfant Plaza
Train Orange 1 leaving Ballston
Train Red 1 leaving Gallery Place
Train Green 1 leaving Greenbelt
Train Blue 1 leaving Airport
Train Yellow 1 leaving L'Enfant Plaza
Train Orange 1 entering Rosslyn
Train Red 1 entering Union Station
Train Green 1 entering College Park
Train Blue 1 entering King Street
Train Yellow 1 entering Gallery Place
Train Orange 1 leaving Rosslyn
Train Red 1 leaving Union Station
Train Green 1 leaving College Park
Train Blue 1 leaving King Street
Train Yellow 1 leaving Gallery Place
Train Orange 1 entering Foggy Bottom
Train Red 1 entering Fort Totten
Train Green 1 entering Fort Totten
Train Blue 1 entering Franconia-Springfield
Train Yellow 1 entering Fort Totten
Chaz leaving train Red 1 at Fort Totten
Train Orange 1 leaving Foggy Bottom
Train Red 1 leaving Fort Totten
Train Green 1 leaving Fort Totten
Train Blue 1 leaving Franconia-Springfield
Train Yellow 1 leaving Fort Totten
Train Orange 1 entering Metro Center
Train Red 1 entering Silver Spring
Train Green 1 entering Gallery Place
Train Blue 1 entering King Street
Train Yellow 1 entering Gallery Place
Dave boarding train Orange 1 at Metro Center
Train Orange 1 leaving Metro Center
Train Red 1 leaving Silver Spring
Train Green 1 leaving Gallery Place
Train Blue 1 leaving King Street
Train Yellow 1 leaving Gallery Place
Train Orange 1 entering Smithsonian
Train Red 1 entering Glenmont
Train Green 1 entering L'Enfant Plaza
Train Blue 1 entering Airport
Train Yellow 1 entering L'Enfant Plaza
Train Orange 1 leaving Smithsonian
Train Red 1 leaving Glenmont
Train Green 1 leaving L'Enfant Plaza
Train Blue 1 leaving Airport
Train Yellow 1 leaving L'Enfant Plaza
Train Orange 1 entering L'Enfant Plaza
Train Red 1 entering Silver Spring
Train Green 1 entering Branch Ave
Train Blue 1 entering Pentagon
Train Yellow 1 entering Pentagon
Train Orange 1 leaving L'Enfant Plaza
Train Red 1 leaving Silver Spring
Train Green 1 leaving Branch Ave
Train Blue 1 leaving Pentagon
Train Yellow 1 leaving Pentagon
Train Orange 1 entering Eastern Market
Train Red 1 entering Fort Totten
Train Green 1 entering L'Enfant Plaza
Train Blue 1 entering Arlington Cemetery
Train Yellow 1 entering Airport
Train Orange 1 leaving Eastern Market
Train Red 1 leaving Fort Totten
Train Green 1 leaving L'Enfant Plaza
Train Blue 1 leaving Arlington Cemetery
Train Yellow 1 leaving Airport
Train Orange 1 entering Stadium-Armory
Train Red 1 entering Union Station
Train Green 1 entering Gallery Place
Train Blue 1 entering Rosslyn
Train Yellow 1 entering King Street
Train Orange 1 leaving Stadium-Armory
Train Red 1 leaving Union Station
Train Green 1 leaving Gallery Place
Train Blue 1 leaving Rosslyn
Train Yellow 1 leaving King Street
Train Orange 1 entering New Carrolton
Train Red 1 entering Gallery Place
Train Green 1 entering Fort Totten
Train Blue 1 entering Foggy Bottom
Train Yellow 1 entering Huntington
Chaz boarding train Green 1 at Fort Totten
Train Orange 1 leaving New Carrolton
Train Red 1 leaving Gallery Place
Train Green 1 leaving Fort Totten
Train Blue 1 leaving Foggy Bottom
Train Yellow 1 leaving Huntington
Train Orange 1 entering Stadium-Armory
Train Red 1 entering Metro Center
Train Green 1 entering College Park
Train Blue 1 entering Metro Center
Train Yellow 1 entering King Street
Chaz leaving train Green 1 at College Park
Train Orange 1 leaving Stadium-Armory
Train Red 1 leaving Metro Center
Train Green 1 leaving College Park
Train Blue 1 leaving Metro Center
Train Yellow 1 leaving King Street
Train Orange 1 entering Eastern Market
Train Red 1 entering Bethesda
Train Green 1 entering Greenbelt
Train Blue 1 entering Smithsonian
Train Yellow 1 entering Airport
Train Orange 1 leaving Eastern Market
Train Red 1 leaving Bethesda
Train Green 1 leaving Greenbelt
Train Blue 1 leaving Smithsonian
Train Yellow 1 leaving Airport
Train Orange 1 entering L'Enfant Plaza
Train Red 1 entering Shady Grove
Train Green 1 entering College Park
Train Blue 1 entering L'Enfant Plaza
Train Yellow 1 entering Pentagon
Train Orange 1 leaving L'Enfant Plaza
Train Red 1 leaving Shady Grove
Train Green 1 leaving College Park
Train Blue 1 leaving L'Enfant Plaza
Train Yellow 1 leaving Pentagon
Train Orange 1 entering Smithsonian
Train Red 1 entering Bethesda
Train Green 1 entering Fort Totten
Train Blue 1 entering Eastern Market
Train Yellow 1 entering L'Enfant Plaza
Train Orange 1 leaving Smithsonian
Train Red 1 leaving Bethesda
Train Green 1 leaving Fort Totten
Train Blue 1 leaving Eastern Market
Train Yellow 1 leaving L'Enfant Plaza
Train Orange 1 entering Metro Center
Train Red 1 entering Metro Center
Train Green 1 entering Gallery Place
Train Blue 1 entering Stadium-Armory
Train Yellow 1 entering Gallery Place
Train Orange 1 leaving Metro Center
Train Red 1 leaving Metro Center
Train Green 1 leaving Gallery Place
Train Blue 1 leaving Stadium-Armory
Train Yellow 1 leaving Gallery Place
Train Orange 1 entering Foggy Bottom
Train Red 1 entering Gallery Place
Train Green 1 entering L'Enfant Plaza
Train Blue 1 entering Largo Town Center
Train Yellow 1 entering Fort Totten
Train Orange 1 leaving Foggy Bottom
Train Red 1 leaving Gallery Place
Train Green 1 leaving L'Enfant Plaza
Train Blue 1 leaving Largo Town Center
Train Yellow 1 leaving Fort Totten
Train Orange 1 entering Rosslyn
Train Red 1 entering Union Station
Train Green 1 entering Branch Ave
Train Blue 1 entering Stadium-Armory
Train Yellow 1 entering Gallery Place
Train Orange 1 leaving Rosslyn
Train Red 1 leaving Union Station
Train Green 1 leaving Branch Ave
Train Blue 1 leaving Stadium-Armory
Train Yellow 1 leaving Gallery Place
Train Orange 1 entering Ballston
Train Red 1 entering Fort Totten
Train Green 1 entering L'Enfant Plaza
Train Blue 1 entering Eastern Market
Train Yellow 1 entering L'Enfant Plaza
Dave leaving train Orange 1 at Ballston
